{"C:\\ravi data\\study\\namasteReact\\Basics\\src\\Components\\Body.js": {"path":"C:\\ravi data\\study\\namasteReact\\Basics\\src\\Components\\Body.js","statementMap":{"0":{"start":{"line":6,"column":36},"end":{"line":6,"column":48}},"1":{"start":{"line":7,"column":2},"end":{"line":9,"column":18}},"2":{"start":{"line":8,"column":4},"end":{"line":8,"column":20}},"3":{"start":{"line":11,"column":2},"end":{"line":13,"column":15}},"4":{"start":{"line":12,"column":4},"end":{"line":12,"column":20}},"5":{"start":{"line":16,"column":4},"end":{"line":21,"column":5}},"6":{"start":{"line":17,"column":19},"end":{"line":17,"column":56}},"7":{"start":{"line":18,"column":6},"end":{"line":18,"column":25}},"8":{"start":{"line":20,"column":6},"end":{"line":20,"column":25}},"9":{"start":{"line":25,"column":4},"end":{"line":29,"column":5}},"10":{"start":{"line":26,"column":17},"end":{"line":26,"column":19}},"11":{"start":{"line":27,"column":6},"end":{"line":27,"column":59}},"12":{"start":{"line":28,"column":6},"end":{"line":28,"column":25}},"13":{"start":{"line":33,"column":4},"end":{"line":33,"column":47}},"14":{"start":{"line":36,"column":2},"end":{"line":40,"column":4}}},"fnMap":{"0":{"name":"(anonymous_0)","decl":{"start":{"line":5,"column":22},"end":{"line":5,"column":23}},"loc":{"start":{"line":5,"column":49},"end":{"line":41,"column":1}},"line":5},"1":{"name":"(anonymous_1)","decl":{"start":{"line":7,"column":12},"end":{"line":7,"column":13}},"loc":{"start":{"line":7,"column":18},"end":{"line":9,"column":3}},"line":7},"2":{"name":"(anonymous_2)","decl":{"start":{"line":11,"column":12},"end":{"line":11,"column":13}},"loc":{"start":{"line":11,"column":18},"end":{"line":13,"column":3}},"line":11},"3":{"name":"loadMovieData","decl":{"start":{"line":15,"column":17},"end":{"line":15,"column":30}},"loc":{"start":{"line":15,"column":33},"end":{"line":22,"column":3}},"line":15},"4":{"name":"sortMovieData","decl":{"start":{"line":24,"column":11},"end":{"line":24,"column":24}},"loc":{"start":{"line":24,"column":27},"end":{"line":30,"column":3}},"line":24},"5":{"name":"renderMovieList","decl":{"start":{"line":32,"column":11},"end":{"line":32,"column":26}},"loc":{"start":{"line":32,"column":38},"end":{"line":34,"column":3}},"line":32}},"branchMap":{"0":{"loc":{"start":{"line":25,"column":4},"end":{"line":29,"column":5}},"type":"if","locations":[{"start":{"line":25,"column":4},"end":{"line":29,"column":5}},{"start":{},"end":{}}],"line":25},"1":{"loc":{"start":{"line":38,"column":7},"end":{"line":38,"column":69}},"type":"cond-expr","locations":[{"start":{"line":38,"column":28},"end":{"line":38,"column":62}},{"start":{"line":38,"column":65},"end":{"line":38,"column":69}}],"line":38}},"s":{"0":9,"1":9,"2":4,"3":9,"4":4,"5":4,"6":4,"7":4,"8":0,"9":4,"10":1,"11":1,"12":1,"13":5,"14":9},"f":{"0":9,"1":4,"2":4,"3":4,"4":4,"5":5},"b":{"0":[1,3],"1":[5,4]},"_coverageSchema":"1a1c01bbd47fc00a2c39e90264f33305004495a9","hash":"ab5b237c32af530ca29f14b635c4e5b0ebb77db3"}
,"C:\\ravi data\\study\\namasteReact\\Basics\\src\\Components\\Header.js": {"path":"C:\\ravi data\\study\\namasteReact\\Basics\\src\\Components\\Header.js","statementMap":{"0":{"start":{"line":3,"column":15},"end":{"line":40,"column":1}},"1":{"start":{"line":4,"column":38},"end":{"line":4,"column":50}},"2":{"start":{"line":5,"column":30},"end":{"line":5,"column":42}},"3":{"start":{"line":7,"column":2},"end":{"line":39,"column":4}},"4":{"start":{"line":16,"column":12},"end":{"line":16,"column":38}},"5":{"start":{"line":17,"column":12},"end":{"line":17,"column":41}},"6":{"start":{"line":33,"column":12},"end":{"line":33,"column":42}},"7":{"start":{"line":34,"column":12},"end":{"line":34,"column":41}}},"fnMap":{"0":{"name":"(anonymous_0)","decl":{"start":{"line":3,"column":15},"end":{"line":3,"column":16}},"loc":{"start":{"line":3,"column":51},"end":{"line":40,"column":1}},"line":3},"1":{"name":"(anonymous_1)","decl":{"start":{"line":15,"column":20},"end":{"line":15,"column":21}},"loc":{"start":{"line":15,"column":27},"end":{"line":18,"column":11}},"line":15},"2":{"name":"(anonymous_2)","decl":{"start":{"line":32,"column":20},"end":{"line":32,"column":21}},"loc":{"start":{"line":32,"column":27},"end":{"line":35,"column":11}},"line":32}},"branchMap":{},"s":{"0":2,"1":7,"2":7,"3":7,"4":2,"5":2,"6":2,"7":2},"f":{"0":7,"1":2,"2":2},"b":{},"_coverageSchema":"1a1c01bbd47fc00a2c39e90264f33305004495a9","hash":"cc446fbd7b103e039bb9adacc08ee524ecb7fa9a"}
,"C:\\ravi data\\study\\namasteReact\\Basics\\src\\Components\\MobileAppWebAPI.js": {"path":"C:\\ravi data\\study\\namasteReact\\Basics\\src\\Components\\MobileAppWebAPI.js","statementMap":{"0":{"start":{"line":1,"column":28},"end":{"line":5,"column":1}},"1":{"start":{"line":2,"column":19},"end":{"line":2,"column":74}},"2":{"start":{"line":3,"column":15},"end":{"line":3,"column":36}},"3":{"start":{"line":4,"column":2},"end":{"line":4,"column":14}}},"fnMap":{"0":{"name":"(anonymous_0)","decl":{"start":{"line":1,"column":28},"end":{"line":1,"column":29}},"loc":{"start":{"line":1,"column":40},"end":{"line":5,"column":1}},"line":1}},"branchMap":{},"s":{"0":2,"1":3,"2":3,"3":3},"f":{"0":3},"b":{},"_coverageSchema":"1a1c01bbd47fc00a2c39e90264f33305004495a9","hash":"9c9ec9d6c2e098e2390a84eec0645e62089af92a"}
,"C:\\ravi data\\study\\namasteReact\\Basics\\src\\Components\\MovieApp.js": {"path":"C:\\ravi data\\study\\namasteReact\\Basics\\src\\Components\\MovieApp.js","statementMap":{"0":{"start":{"line":5,"column":17},"end":{"line":14,"column":1}},"1":{"start":{"line":6,"column":36},"end":{"line":6,"column":48}},"2":{"start":{"line":7,"column":36},"end":{"line":7,"column":48}},"3":{"start":{"line":8,"column":2},"end":{"line":13,"column":4}}},"fnMap":{"0":{"name":"(anonymous_0)","decl":{"start":{"line":5,"column":17},"end":{"line":5,"column":18}},"loc":{"start":{"line":5,"column":23},"end":{"line":14,"column":1}},"line":5}},"branchMap":{},"s":{"0":1,"1":4,"2":4,"3":4},"f":{"0":4},"b":{},"_coverageSchema":"1a1c01bbd47fc00a2c39e90264f33305004495a9","hash":"8f3ac8b56319ead4c5cc51544d2a5b3389993c82"}
,"C:\\ravi data\\study\\namasteReact\\Basics\\src\\Components\\MovieCard.js": {"path":"C:\\ravi data\\study\\namasteReact\\Basics\\src\\Components\\MovieCard.js","statementMap":{"0":{"start":{"line":1,"column":18},"end":{"line":18,"column":1}},"1":{"start":{"line":2,"column":35},"end":{"line":2,"column":40}},"2":{"start":{"line":3,"column":46},"end":{"line":3,"column":51}},"3":{"start":{"line":5,"column":2},"end":{"line":17,"column":4}},"4":{"start":{"line":8,"column":21},"end":{"line":8,"column":41}}},"fnMap":{"0":{"name":"(anonymous_0)","decl":{"start":{"line":1,"column":18},"end":{"line":1,"column":19}},"loc":{"start":{"line":1,"column":29},"end":{"line":18,"column":1}},"line":1},"1":{"name":"(anonymous_1)","decl":{"start":{"line":8,"column":15},"end":{"line":8,"column":16}},"loc":{"start":{"line":8,"column":21},"end":{"line":8,"column":41}},"line":8}},"branchMap":{},"s":{"0":2,"1":25,"2":25,"3":25,"4":0},"f":{"0":25,"1":0},"b":{},"_coverageSchema":"1a1c01bbd47fc00a2c39e90264f33305004495a9","hash":"1df2e4a69420e9f6fccf95d0fb96230f35f5c619"}
,"C:\\ravi data\\study\\namasteReact\\Basics\\src\\Components\\MovieInfo.js": {"path":"C:\\ravi data\\study\\namasteReact\\Basics\\src\\Components\\MovieInfo.js","statementMap":{"0":{"start":{"line":1,"column":18},"end":{"line":12,"column":1}},"1":{"start":{"line":2,"column":45},"end":{"line":2,"column":63}},"2":{"start":{"line":3,"column":2},"end":{"line":11,"column":4}},"3":{"start":{"line":14,"column":26},"end":{"line":16,"column":1}},"4":{"start":{"line":15,"column":2},"end":{"line":15,"column":68}}},"fnMap":{"0":{"name":"(anonymous_0)","decl":{"start":{"line":1,"column":18},"end":{"line":1,"column":19}},"loc":{"start":{"line":1,"column":29},"end":{"line":12,"column":1}},"line":1},"1":{"name":"(anonymous_1)","decl":{"start":{"line":14,"column":26},"end":{"line":14,"column":27}},"loc":{"start":{"line":14,"column":32},"end":{"line":16,"column":1}},"line":14}},"branchMap":{},"s":{"0":3,"1":1,"2":1,"3":3,"4":5},"f":{"0":1,"1":5},"b":{},"_coverageSchema":"1a1c01bbd47fc00a2c39e90264f33305004495a9","hash":"e3be7eb01e2b70bb9f859514d3a90d5b7cbd9a1b"}
,"C:\\ravi data\\study\\namasteReact\\Basics\\src\\Components\\MovieList.js": {"path":"C:\\ravi data\\study\\namasteReact\\Basics\\src\\Components\\MovieList.js","statementMap":{"0":{"start":{"line":5,"column":18},"end":{"line":37,"column":1}},"1":{"start":{"line":6,"column":42},"end":{"line":6,"column":52}},"2":{"start":{"line":7,"column":24},"end":{"line":9,"column":3}},"3":{"start":{"line":8,"column":4},"end":{"line":8,"column":35}},"4":{"start":{"line":10,"column":24},"end":{"line":10,"column":29}},"5":{"start":{"line":11,"column":2},"end":{"line":36,"column":4}},"6":{"start":{"line":17,"column":14},"end":{"line":23,"column":16}}},"fnMap":{"0":{"name":"(anonymous_0)","decl":{"start":{"line":5,"column":18},"end":{"line":5,"column":19}},"loc":{"start":{"line":5,"column":29},"end":{"line":37,"column":1}},"line":5},"1":{"name":"(anonymous_1)","decl":{"start":{"line":7,"column":24},"end":{"line":7,"column":25}},"loc":{"start":{"line":7,"column":43},"end":{"line":9,"column":3}},"line":7},"2":{"name":"(anonymous_2)","decl":{"start":{"line":16,"column":27},"end":{"line":16,"column":28}},"loc":{"start":{"line":16,"column":45},"end":{"line":24,"column":13}},"line":16}},"branchMap":{"0":{"loc":{"start":{"line":29,"column":9},"end":{"line":33,"column":9}},"type":"cond-expr","locations":[{"start":{"line":30,"column":10},"end":{"line":30,"column":51}},{"start":{"line":32,"column":10},"end":{"line":32,"column":24}}],"line":29}},"s":{"0":2,"1":5,"2":5,"3":0,"4":5,"5":5,"6":25},"f":{"0":5,"1":0,"2":25},"b":{"0":[0,5]},"_coverageSchema":"1a1c01bbd47fc00a2c39e90264f33305004495a9","hash":"260632f118e7cc56464ac84be8d9e29cc643182d"}
,"C:\\ravi data\\study\\namasteReact\\Basics\\src\\Components\\mocks\\data.js": {"path":"C:\\ravi data\\study\\namasteReact\\Basics\\src\\Components\\mocks\\data.js","statementMap":{"0":{"start":{"line":1,"column":26},"end":{"line":511,"column":1}}},"fnMap":{},"branchMap":{},"s":{"0":3},"f":{},"b":{},"_coverageSchema":"1a1c01bbd47fc00a2c39e90264f33305004495a9","hash":"f0daf96d286606b91029445d4329560c2671cc0e"}
,"C:\\ravi data\\study\\namasteReact\\Basics\\src\\Components\\utils\\Helper.js": {"path":"C:\\ravi data\\study\\namasteReact\\Basics\\src\\Components\\utils\\Helper.js","statementMap":{"0":{"start":{"line":4,"column":13},"end":{"line":4,"column":33}},"1":{"start":{"line":5,"column":2},"end":{"line":7,"column":3}},"2":{"start":{"line":6,"column":4},"end":{"line":6,"column":16}},"3":{"start":{"line":8,"column":24},"end":{"line":10,"column":3}},"4":{"start":{"line":9,"column":4},"end":{"line":9,"column":63}},"5":{"start":{"line":11,"column":2},"end":{"line":11,"column":31}},"6":{"start":{"line":12,"column":2},"end":{"line":12,"column":14}},"7":{"start":{"line":16,"column":2},"end":{"line":30,"column":3}},"8":{"start":{"line":18,"column":6},"end":{"line":20,"column":9}},"9":{"start":{"line":19,"column":8},"end":{"line":19,"column":43}},"10":{"start":{"line":22,"column":6},"end":{"line":22,"column":12}},"11":{"start":{"line":24,"column":6},"end":{"line":28,"column":9}},"12":{"start":{"line":25,"column":20},"end":{"line":25,"column":48}},"13":{"start":{"line":26,"column":20},"end":{"line":26,"column":48}},"14":{"start":{"line":27,"column":8},"end":{"line":27,"column":29}},"15":{"start":{"line":29,"column":6},"end":{"line":29,"column":12}},"16":{"start":{"line":31,"column":2},"end":{"line":31,"column":19}}},"fnMap":{"0":{"name":"filterMovieUsingName","decl":{"start":{"line":3,"column":22},"end":{"line":3,"column":42}},"loc":{"start":{"line":3,"column":54},"end":{"line":13,"column":1}},"line":3},"1":{"name":"(anonymous_1)","decl":{"start":{"line":8,"column":44},"end":{"line":8,"column":45}},"loc":{"start":{"line":9,"column":4},"end":{"line":9,"column":63}},"line":9},"2":{"name":"sortMovies","decl":{"start":{"line":15,"column":16},"end":{"line":15,"column":26}},"loc":{"start":{"line":15,"column":46},"end":{"line":32,"column":1}},"line":15},"3":{"name":"(anonymous_3)","decl":{"start":{"line":18,"column":21},"end":{"line":18,"column":22}},"loc":{"start":{"line":18,"column":37},"end":{"line":20,"column":7}},"line":18},"4":{"name":"(anonymous_4)","decl":{"start":{"line":24,"column":21},"end":{"line":24,"column":22}},"loc":{"start":{"line":24,"column":37},"end":{"line":28,"column":7}},"line":24}},"branchMap":{"0":{"loc":{"start":{"line":5,"column":2},"end":{"line":7,"column":3}},"type":"if","locations":[{"start":{"line":5,"column":2},"end":{"line":7,"column":3}},{"start":{},"end":{}}],"line":5},"1":{"loc":{"start":{"line":16,"column":2},"end":{"line":30,"column":3}},"type":"switch","locations":[{"start":{"line":17,"column":4},"end":{"line":22,"column":12}},{"start":{"line":23,"column":4},"end":{"line":29,"column":12}}],"line":16}},"s":{"0":3,"1":3,"2":2,"3":1,"4":6,"5":1,"6":1,"7":1,"8":1,"9":10,"10":1,"11":0,"12":0,"13":0,"14":0,"15":0,"16":1},"f":{"0":3,"1":6,"2":1,"3":10,"4":0},"b":{"0":[2,1],"1":[1,0]},"_coverageSchema":"1a1c01bbd47fc00a2c39e90264f33305004495a9","hash":"b4f99b58dd247d2fefe02e6847033c964e47ebe6"}
}
