TN:
SF:src\Components\Body.js
FN:5,(anonymous_0)
FN:7,(anonymous_1)
FN:11,(anonymous_2)
FN:15,loadMovieData
FN:24,sortMovieData
FN:32,renderMovieList
FNF:6
FNH:6
FNDA:9,(anonymous_0)
FNDA:4,(anonymous_1)
FNDA:4,(anonymous_2)
FNDA:4,loadMovieData
FNDA:4,sortMovieData
FNDA:5,renderMovieList
DA:6,9
DA:7,9
DA:8,4
DA:11,9
DA:12,4
DA:16,4
DA:17,4
DA:18,4
DA:20,0
DA:25,4
DA:26,1
DA:27,1
DA:28,1
DA:33,5
DA:36,9
LF:15
LH:14
BRDA:25,0,0,1
BRDA:25,0,1,3
BRDA:38,1,0,5
BRDA:38,1,1,4
BRF:4
BRH:4
end_of_record
TN:
SF:src\Components\Header.js
FN:3,(anonymous_0)
FN:15,(anonymous_1)
FN:32,(anonymous_2)
FNF:3
FNH:3
FNDA:7,(anonymous_0)
FNDA:2,(anonymous_1)
FNDA:2,(anonymous_2)
DA:3,2
DA:4,7
DA:5,7
DA:7,7
DA:16,2
DA:17,2
DA:33,2
DA:34,2
LF:8
LH:8
BRF:0
BRH:0
end_of_record
TN:
SF:src\Components\MobileAppWebAPI.js
FN:1,(anonymous_0)
FNF:1
FNH:1
FNDA:3,(anonymous_0)
DA:1,2
DA:2,3
DA:3,3
DA:4,3
LF:4
LH:4
BRF:0
BRH:0
end_of_record
TN:
SF:src\Components\MovieApp.js
FN:5,(anonymous_0)
FNF:1
FNH:1
FNDA:4,(anonymous_0)
DA:5,1
DA:6,4
DA:7,4
DA:8,4
LF:4
LH:4
BRF:0
BRH:0
end_of_record
TN:
SF:src\Components\MovieCard.js
FN:1,(anonymous_0)
FN:8,(anonymous_1)
FNF:2
FNH:1
FNDA:25,(anonymous_0)
FNDA:0,(anonymous_1)
DA:1,2
DA:2,25
DA:3,25
DA:5,25
DA:8,0
LF:5
LH:4
BRF:0
BRH:0
end_of_record
TN:
SF:src\Components\MovieInfo.js
FN:1,(anonymous_0)
FN:14,(anonymous_1)
FNF:2
FNH:2
FNDA:1,(anonymous_0)
FNDA:5,(anonymous_1)
DA:1,3
DA:2,1
DA:3,1
DA:14,3
DA:15,5
LF:5
LH:5
BRF:0
BRH:0
end_of_record
TN:
SF:src\Components\MovieList.js
FN:5,(anonymous_0)
FN:7,(anonymous_1)
FN:16,(anonymous_2)
FNF:3
FNH:2
FNDA:5,(anonymous_0)
FNDA:0,(anonymous_1)
FNDA:25,(anonymous_2)
DA:5,2
DA:6,5
DA:7,5
DA:8,0
DA:10,5
DA:11,5
DA:17,25
LF:7
LH:6
BRDA:29,0,0,0
BRDA:29,0,1,5
BRF:2
BRH:1
end_of_record
TN:
SF:src\Components\mocks\data.js
FNF:0
FNH:0
DA:1,3
LF:1
LH:1
BRF:0
BRH:0
end_of_record
TN:
SF:src\Components\utils\Helper.js
FN:3,filterMovieUsingName
FN:8,(anonymous_1)
FN:15,sortMovies
FN:18,(anonymous_3)
FN:24,(anonymous_4)
FNF:5
FNH:4
FNDA:3,filterMovieUsingName
FNDA:6,(anonymous_1)
FNDA:1,sortMovies
FNDA:10,(anonymous_3)
FNDA:0,(anonymous_4)
DA:4,3
DA:5,3
DA:6,2
DA:8,1
DA:9,6
DA:11,1
DA:12,1
DA:16,1
DA:18,1
DA:19,10
DA:22,1
DA:24,0
DA:25,0
DA:26,0
DA:27,0
DA:29,0
DA:31,1
LF:17
LH:12
BRDA:5,0,0,2
BRDA:5,0,1,1
BRDA:16,1,0,1
BRDA:16,1,1,0
BRF:4
BRH:3
end_of_record
